c:\users\leo\source\repos\processviewerdma\processviewerdma\build\ext\vc143.pdb
c:\users\leo\source\repos\processviewerdma\processviewerdma\build\ext\window.obj
c:\users\leo\source\repos\processviewerdma\processviewerdma\build\ext\render.obj
c:\users\leo\source\repos\processviewerdma\processviewerdma\build\ext\main.obj
c:\users\leo\source\repos\processviewerdma\processviewerdma\build\ext\imgui_widgets.obj
c:\users\leo\source\repos\processviewerdma\processviewerdma\build\ext\imgui_tables.obj
c:\users\leo\source\repos\processviewerdma\processviewerdma\build\ext\imgui_impl_win32.obj
c:\users\leo\source\repos\processviewerdma\processviewerdma\build\ext\imgui_impl_dx11.obj
c:\users\leo\source\repos\processviewerdma\processviewerdma\build\ext\imgui_draw.obj
c:\users\leo\source\repos\processviewerdma\processviewerdma\build\ext\imgui_demo.obj
c:\users\leo\source\repos\processviewerdma\processviewerdma\build\ext\imgui.obj
c:\users\leo\source\repos\processviewerdma\processviewerdma\build\processviewer.exe
c:\users\leo\source\repos\processviewerdma\processviewerdma\build\processviewer.pdb
c:\users\leo\source\repos\processviewerdma\processviewerdma\\build\processviewer.pdb
c:\users\leo\source\repos\processviewerdma\processviewerdma\\build\ext\processviewerdma.vcxproj.filelistabsolute.txt
c:\users\leo\source\repos\processviewerdma\processviewerdma\build\ext\processviewerdma.tlog\cl.command.1.tlog
c:\users\leo\source\repos\processviewerdma\processviewerdma\build\ext\processviewerdma.tlog\cl.items.tlog
c:\users\leo\source\repos\processviewerdma\processviewerdma\build\ext\processviewerdma.tlog\cl.read.1.tlog
c:\users\leo\source\repos\processviewerdma\processviewerdma\build\ext\processviewerdma.tlog\cl.write.1.tlog
c:\users\leo\source\repos\processviewerdma\processviewerdma\build\ext\processviewerdma.tlog\link.command.1.tlog
c:\users\leo\source\repos\processviewerdma\processviewerdma\build\ext\processviewerdma.tlog\link.read.1.tlog
c:\users\leo\source\repos\processviewerdma\processviewerdma\build\ext\processviewerdma.tlog\link.secondary.1.tlog
c:\users\leo\source\repos\processviewerdma\processviewerdma\build\ext\processviewerdma.tlog\link.write.1.tlog
