C:\Program Files\Microsoft Visual Studio\2022\Community\MSBuild\Microsoft\VC\v170\Microsoft.CppBuild.targets(516,5): warning MSB8004: Intermediate Directory does not end with a trailing slash.  This build instance will add the slash as it is required to allow proper evaluation of the Intermediate Directory.
C:\Program Files\Microsoft Visual Studio\2022\Community\MSBuild\Microsoft\VC\v170\Microsoft.CppBuild.targets(517,5): warning MSB8004: Output Directory does not end with a trailing slash.  This build instance will add the slash as it is required to allow proper evaluation of the Output Directory.
  functions.cpp
C:\Users\leo\source\repos\ProcessViewerDMA\ProcessViewerDMA\src\dependencies\dma\leechcore.h(120,15): warning C4200: nonstandard extension used: zero-sized array in struct/union
  (compiling source file 'src/util/functions.cpp')
      C:\Users\leo\source\repos\ProcessViewerDMA\ProcessViewerDMA\src\dependencies\dma\leechcore.h(120,15):
      This member will be ignored by a defaulted constructor or copy/move assignment operator
  
C:\Users\leo\source\repos\ProcessViewerDMA\ProcessViewerDMA\src\dependencies\dma\leechcore.h(473,14): warning C4200: nonstandard extension used: zero-sized array in struct/union
  (compiling source file 'src/util/functions.cpp')
      C:\Users\leo\source\repos\ProcessViewerDMA\ProcessViewerDMA\src\dependencies\dma\leechcore.h(473,14):
      This member will be ignored by a defaulted constructor or copy/move assignment operator
  
C:\Users\leo\source\repos\ProcessViewerDMA\ProcessViewerDMA\src\dependencies\dma\leechcore.h(482,14): warning C4200: nonstandard extension used: zero-sized array in struct/union
  (compiling source file 'src/util/functions.cpp')
      C:\Users\leo\source\repos\ProcessViewerDMA\ProcessViewerDMA\src\dependencies\dma\leechcore.h(482,14):
      This member will be ignored by a defaulted constructor or copy/move assignment operator
  
C:\Users\leo\source\repos\ProcessViewerDMA\ProcessViewerDMA\src\dependencies\dma\vmmdll.h(395,35): warning C4200: nonstandard extension used: zero-sized array in struct/union
  (compiling source file 'src/util/functions.cpp')
      C:\Users\leo\source\repos\ProcessViewerDMA\ProcessViewerDMA\src\dependencies\dma\vmmdll.h(395,35):
      This member will be ignored by a defaulted constructor or copy/move assignment operator
  
C:\Users\leo\source\repos\ProcessViewerDMA\ProcessViewerDMA\src\dependencies\dma\vmmdll.h(1548,25): warning C4200: nonstandard extension used: zero-sized array in struct/union
  (compiling source file 'src/util/functions.cpp')
      C:\Users\leo\source\repos\ProcessViewerDMA\ProcessViewerDMA\src\dependencies\dma\vmmdll.h(1548,25):
      This member will be ignored by a defaulted constructor or copy/move assignment operator
  
C:\Users\leo\source\repos\ProcessViewerDMA\ProcessViewerDMA\src\dependencies\dma\vmmdll.h(1558,25): warning C4200: nonstandard extension used: zero-sized array in struct/union
  (compiling source file 'src/util/functions.cpp')
      C:\Users\leo\source\repos\ProcessViewerDMA\ProcessViewerDMA\src\dependencies\dma\vmmdll.h(1558,25):
      This member will be ignored by a defaulted constructor or copy/move assignment operator
  
C:\Users\leo\source\repos\ProcessViewerDMA\ProcessViewerDMA\src\dependencies\dma\vmmdll.h(1565,27): warning C4200: nonstandard extension used: zero-sized array in struct/union
  (compiling source file 'src/util/functions.cpp')
      C:\Users\leo\source\repos\ProcessViewerDMA\ProcessViewerDMA\src\dependencies\dma\vmmdll.h(1565,27):
      This member will be ignored by a defaulted constructor or copy/move assignment operator
  
C:\Users\leo\source\repos\ProcessViewerDMA\ProcessViewerDMA\src\dependencies\dma\vmmdll.h(1574,28): warning C4200: nonstandard extension used: zero-sized array in struct/union
  (compiling source file 'src/util/functions.cpp')
      C:\Users\leo\source\repos\ProcessViewerDMA\ProcessViewerDMA\src\dependencies\dma\vmmdll.h(1574,28):
      This member will be ignored by a defaulted constructor or copy/move assignment operator
  
C:\Users\leo\source\repos\ProcessViewerDMA\ProcessViewerDMA\src\dependencies\dma\vmmdll.h(1583,36): warning C4200: nonstandard extension used: zero-sized array in struct/union
  (compiling source file 'src/util/functions.cpp')
      C:\Users\leo\source\repos\ProcessViewerDMA\ProcessViewerDMA\src\dependencies\dma\vmmdll.h(1583,36):
      This member will be ignored by a defaulted constructor or copy/move assignment operator
  
C:\Users\leo\source\repos\ProcessViewerDMA\ProcessViewerDMA\src\dependencies\dma\vmmdll.h(1599,25): warning C4200: nonstandard extension used: zero-sized array in struct/union
  (compiling source file 'src/util/functions.cpp')
      C:\Users\leo\source\repos\ProcessViewerDMA\ProcessViewerDMA\src\dependencies\dma\vmmdll.h(1599,25):
      This member will be ignored by a defaulted constructor or copy/move assignment operator
  
C:\Users\leo\source\repos\ProcessViewerDMA\ProcessViewerDMA\src\dependencies\dma\vmmdll.h(1609,25): warning C4200: nonstandard extension used: zero-sized array in struct/union
  (compiling source file 'src/util/functions.cpp')
      C:\Users\leo\source\repos\ProcessViewerDMA\ProcessViewerDMA\src\dependencies\dma\vmmdll.h(1609,25):
      This member will be ignored by a defaulted constructor or copy/move assignment operator
  
C:\Users\leo\source\repos\ProcessViewerDMA\ProcessViewerDMA\src\dependencies\dma\vmmdll.h(1618,26): warning C4200: nonstandard extension used: zero-sized array in struct/union
  (compiling source file 'src/util/functions.cpp')
      C:\Users\leo\source\repos\ProcessViewerDMA\ProcessViewerDMA\src\dependencies\dma\vmmdll.h(1618,26):
      This member will be ignored by a defaulted constructor or copy/move assignment operator
  
C:\Users\leo\source\repos\ProcessViewerDMA\ProcessViewerDMA\src\dependencies\dma\vmmdll.h(1626,31): warning C4200: nonstandard extension used: zero-sized array in struct/union
  (compiling source file 'src/util/functions.cpp')
      C:\Users\leo\source\repos\ProcessViewerDMA\ProcessViewerDMA\src\dependencies\dma\vmmdll.h(1626,31):
      This member will be ignored by a defaulted constructor or copy/move assignment operator
  
C:\Users\leo\source\repos\ProcessViewerDMA\ProcessViewerDMA\src\dependencies\dma\vmmdll.h(1633,28): warning C4200: nonstandard extension used: zero-sized array in struct/union
  (compiling source file 'src/util/functions.cpp')
      C:\Users\leo\source\repos\ProcessViewerDMA\ProcessViewerDMA\src\dependencies\dma\vmmdll.h(1633,28):
      This member will be ignored by a defaulted constructor or copy/move assignment operator
  
C:\Users\leo\source\repos\ProcessViewerDMA\ProcessViewerDMA\src\dependencies\dma\vmmdll.h(1646,38): warning C4200: nonstandard extension used: zero-sized array in struct/union
  (compiling source file 'src/util/functions.cpp')
      C:\Users\leo\source\repos\ProcessViewerDMA\ProcessViewerDMA\src\dependencies\dma\vmmdll.h(1646,38):
      This member will be ignored by a defaulted constructor or copy/move assignment operator
  
C:\Users\leo\source\repos\ProcessViewerDMA\ProcessViewerDMA\src\dependencies\dma\vmmdll.h(1655,28): warning C4200: nonstandard extension used: zero-sized array in struct/union
  (compiling source file 'src/util/functions.cpp')
      C:\Users\leo\source\repos\ProcessViewerDMA\ProcessViewerDMA\src\dependencies\dma\vmmdll.h(1655,28):
      This member will be ignored by a defaulted constructor or copy/move assignment operator
  
C:\Users\leo\source\repos\ProcessViewerDMA\ProcessViewerDMA\src\dependencies\dma\vmmdll.h(1666,26): warning C4200: nonstandard extension used: zero-sized array in struct/union
  (compiling source file 'src/util/functions.cpp')
      C:\Users\leo\source\repos\ProcessViewerDMA\ProcessViewerDMA\src\dependencies\dma\vmmdll.h(1666,26):
      This member will be ignored by a defaulted constructor or copy/move assignment operator
  
C:\Users\leo\source\repos\ProcessViewerDMA\ProcessViewerDMA\src\dependencies\dma\vmmdll.h(1675,29): warning C4200: nonstandard extension used: zero-sized array in struct/union
  (compiling source file 'src/util/functions.cpp')
      C:\Users\leo\source\repos\ProcessViewerDMA\ProcessViewerDMA\src\dependencies\dma\vmmdll.h(1675,29):
      This member will be ignored by a defaulted constructor or copy/move assignment operator
  
C:\Users\leo\source\repos\ProcessViewerDMA\ProcessViewerDMA\src\dependencies\dma\vmmdll.h(1684,29): warning C4200: nonstandard extension used: zero-sized array in struct/union
  (compiling source file 'src/util/functions.cpp')
      C:\Users\leo\source\repos\ProcessViewerDMA\ProcessViewerDMA\src\dependencies\dma\vmmdll.h(1684,29):
      This member will be ignored by a defaulted constructor or copy/move assignment operator
  
C:\Users\leo\source\repos\ProcessViewerDMA\ProcessViewerDMA\src\dependencies\dma\vmmdll.h(1693,29): warning C4200: nonstandard extension used: zero-sized array in struct/union
  (compiling source file 'src/util/functions.cpp')
      C:\Users\leo\source\repos\ProcessViewerDMA\ProcessViewerDMA\src\dependencies\dma\vmmdll.h(1693,29):
      This member will be ignored by a defaulted constructor or copy/move assignment operator
  
C:\Users\leo\source\repos\ProcessViewerDMA\ProcessViewerDMA\src\dependencies\dma\vmmdll.h(1702,25): warning C4200: nonstandard extension used: zero-sized array in struct/union
  (compiling source file 'src/util/functions.cpp')
      C:\Users\leo\source\repos\ProcessViewerDMA\ProcessViewerDMA\src\dependencies\dma\vmmdll.h(1702,25):
      This member will be ignored by a defaulted constructor or copy/move assignment operator
  
C:\Users\leo\source\repos\ProcessViewerDMA\ProcessViewerDMA\src\dependencies\dma\vmmdll.h(1710,29): warning C4200: nonstandard extension used: zero-sized array in struct/union
  (compiling source file 'src/util/functions.cpp')
      C:\Users\leo\source\repos\ProcessViewerDMA\ProcessViewerDMA\src\dependencies\dma\vmmdll.h(1710,29):
      This member will be ignored by a defaulted constructor or copy/move assignment operator
  
C:\Users\leo\source\repos\ProcessViewerDMA\ProcessViewerDMA\src\dependencies\dma\vmmdll.h(1719,26): warning C4200: nonstandard extension used: zero-sized array in struct/union
  (compiling source file 'src/util/functions.cpp')
      C:\Users\leo\source\repos\ProcessViewerDMA\ProcessViewerDMA\src\dependencies\dma\vmmdll.h(1719,26):
      This member will be ignored by a defaulted constructor or copy/move assignment operator
  
C:\Users\leo\source\repos\ProcessViewerDMA\ProcessViewerDMA\src\dependencies\dma\vmmdll.h(1728,24): warning C4200: nonstandard extension used: zero-sized array in struct/union
  (compiling source file 'src/util/functions.cpp')
      C:\Users\leo\source\repos\ProcessViewerDMA\ProcessViewerDMA\src\dependencies\dma\vmmdll.h(1728,24):
      This member will be ignored by a defaulted constructor or copy/move assignment operator
  
C:\Users\leo\source\repos\ProcessViewerDMA\ProcessViewerDMA\src\dependencies\dma\vmmdll.h(1737,29): warning C4200: nonstandard extension used: zero-sized array in struct/union
  (compiling source file 'src/util/functions.cpp')
      C:\Users\leo\source\repos\ProcessViewerDMA\ProcessViewerDMA\src\dependencies\dma\vmmdll.h(1737,29):
      This member will be ignored by a defaulted constructor or copy/move assignment operator
  
C:\Users\leo\source\repos\ProcessViewerDMA\ProcessViewerDMA\src\dependencies\dma\vmmdll.h(2322,25): warning C4200: nonstandard extension used: zero-sized array in struct/union
  (compiling source file 'src/util/functions.cpp')
      C:\Users\leo\source\repos\ProcessViewerDMA\ProcessViewerDMA\src\dependencies\dma\vmmdll.h(2322,25):
      This member will be ignored by a defaulted constructor or copy/move assignment operator
  
C:\Users\leo\source\repos\ProcessViewerDMA\ProcessViewerDMA\src\util\functions.cpp(32,116): warning C4267: 'argument': conversion from 'size_t' to 'DWORD', possible loss of data
C:\Users\leo\source\repos\ProcessViewerDMA\ProcessViewerDMA\src\util\functions.cpp(73,66): warning C4267: 'argument': conversion from 'size_t' to 'DWORD', possible loss of data
  ProcessViewerDMA.vcxproj -> C:\Users\leo\source\repos\ProcessViewerDMA\ProcessViewerDMA\build\ProcessViewer.exe
